2024-08-06 19:54:31,894 bike_db:log:22   -   setting common column types
2024-08-06 20:13:20,868 bike_db:log:22   -   setting common column types
2024-08-06 20:13:24,571 bike_db:log:22   -   setting common column types
2024-08-06 20:14:24,968 bike_db:log:22   -   seting type annotation_map:
2024-08-06 20:14:24,968 bike_db:log:22   -   setting common column types
2024-08-06 20:14:26,563 bike_db:log:22   -   seting type annotation_map:
2024-08-06 20:14:26,563 bike_db:log:22   -   setting common column types
2024-08-06 20:15:55,194 bike_db:Base:36   -   seting type annotation_map:
2024-08-06 20:15:55,194 bike_db:Base:44   -   setting common column types
2024-08-06 20:18:50,931 bike_db:Annotation_Base:36   -   seting type annotation_map:
2024-08-06 20:18:50,931 bike_db:Base:44   -   setting common column types
2024-08-06 21:02:19,086 bike_db:Annotation_Base:32   -   seting type annotation_map:
2024-08-06 21:02:19,086 bike_db:Base:44   -   creating default columns
2024-08-06 21:11:02,021 bike_db:Annotation_Base:32   -   seting type annotation_map:
2024-08-06 21:11:02,021 bike_db:Base:45   -   creating default columns
2024-08-06 21:11:50,114 bike_db:Annotation_Base:32   -   seting type annotation_map:
2024-08-06 21:11:50,115 bike_db:Base:45   -   creating default columns
2024-08-06 21:12:20,244 bike_db:Annotation_Base:32   -   seting type annotation_map:
2024-08-06 21:12:20,245 bike_db:Base:46   -   creating default columns
2024-08-06 21:59:21,197 bike_db:Annotation_Base:32   -   seting type annotation_map:
2024-08-06 21:59:21,197 bike_db:Base:46   -   creating default columns
2024-08-06 22:38:38,890 bike_db:Annotation_Base:32   -   seting type annotation_map:
2024-08-06 22:38:38,891 bike_db:Base:46   -   creating default columns
2024-08-06 22:43:20,061 bike_db:Annotation_Base:32   -   seting type annotation_map:
2024-08-06 22:43:20,062 bike_db:Base:49   -   creating default columns
2024-08-06 22:45:52,685 bike_db:Annotation_Base:32   -   seting type annotation_map:
2024-08-06 22:45:52,685 bike_db:Base:49   -   creating default columns
2024-08-06 23:06:08,307 bike_db:Annotation_Base:32   -   seting type annotation_map:
2024-08-06 23:06:08,307 bike_db:Base:49   -   creating default columns
2024-08-06 23:06:08,307 bike_db:Base:63   -   {'__module__': 'bike', '__qualname__': 'Base', '__annotations__': {'frame_serial': sqlalchemy.orm.base.Mapped[typing.Annotated[str, 20]], 'production_year': sqlalchemy.orm.base.Mapped[typing.Annotated[int, 4]], 'manufacturer': sqlalchemy.orm.base.Mapped[typing.Annotated[str, 20]], 'model_name': sqlalchemy.orm.base.Mapped[typing.Annotated[str, 20]], 'stamped_codes': sqlalchemy.orm.base.Mapped[list[str]], 'material': sqlalchemy.orm.base.Mapped[typing.Annotated[str, 20]], 'style': sqlalchemy.orm.base.Mapped[typing.Annotated[str, 20]], 'weight_g': sqlalchemy.orm.base.Mapped[typing.Annotated[float, 2]], 'value_low_usd': sqlalchemy.orm.base.Mapped[typing.Annotated[float, 2]], 'value_avg_usd': sqlalchemy.orm.base.Mapped[typing.Annotated[float, 2]], 'value_high_usd': sqlalchemy.orm.base.Mapped[typing.Annotated[float, 2]]}, '__init__': <function Base.__init__ at 0x750cc4fb0180>, '__tablename__': '', 'frame_serial': <sqlalchemy.orm.properties.MappedColumn object at 0x750cc4eeeb90>}
2024-08-06 23:06:57,771 bike_db:Annotation_Base:32   -   seting type annotation_map:
2024-08-06 23:06:57,771 bike_db:Base:49   -   creating default columns
2024-08-06 23:06:57,771 bike_db:Base:64   -   __module__
2024-08-06 23:07:35,120 bike_db:Annotation_Base:32   -   seting type annotation_map:
2024-08-06 23:07:35,120 bike_db:Base:49   -   creating default columns
2024-08-06 23:07:35,120 bike_db:Base:65   -   __module__
2024-08-06 23:08:00,872 bike_db:Annotation_Base:32   -   seting type annotation_map:
2024-08-06 23:08:00,872 bike_db:Base:49   -   creating default columns
2024-08-06 23:08:00,872 bike_db:Base:65   -   __module__
2024-08-06 23:08:00,873 bike_db:Base:65   -   __qualname__
2024-08-06 23:08:00,873 bike_db:Base:65   -   __annotations__
2024-08-06 23:08:00,873 bike_db:Base:65   -   __init__
2024-08-06 23:08:00,873 bike_db:Base:65   -   __tablename__
2024-08-06 23:08:00,873 bike_db:Base:65   -   frame_serial
2024-08-06 23:08:46,838 bike_db:Annotation_Base:32   -   seting type annotation_map:
2024-08-06 23:08:46,838 bike_db:Base:49   -   creating default columns
2024-08-06 23:08:46,838 bike_db:Base:65   -   __module__: bike
2024-08-06 23:08:46,838 bike_db:Base:65   -   __qualname__: Base
2024-08-06 23:08:46,838 bike_db:Base:65   -   __annotations__: {'frame_serial': sqlalchemy.orm.base.Mapped[typing.Annotated[str, 20]], 'production_year': sqlalchemy.orm.base.Mapped[typing.Annotated[int, 4]], 'manufacturer': sqlalchemy.orm.base.Mapped[typing.Annotated[str, 20]], 'model_name': sqlalchemy.orm.base.Mapped[typing.Annotated[str, 20]], 'stamped_codes': sqlalchemy.orm.base.Mapped[list[str]], 'material': sqlalchemy.orm.base.Mapped[typing.Annotated[str, 20]], 'style': sqlalchemy.orm.base.Mapped[typing.Annotated[str, 20]], 'weight_g': sqlalchemy.orm.base.Mapped[typing.Annotated[float, 2]], 'value_low_usd': sqlalchemy.orm.base.Mapped[typing.Annotated[float, 2]], 'value_avg_usd': sqlalchemy.orm.base.Mapped[typing.Annotated[float, 2]], 'value_high_usd': sqlalchemy.orm.base.Mapped[typing.Annotated[float, 2]]}
2024-08-06 23:08:46,838 bike_db:Base:65   -   __init__: <function Base.__init__ at 0x732d5bad8180>
2024-08-06 23:08:46,838 bike_db:Base:65   -   __tablename__: 
2024-08-06 23:08:46,838 bike_db:Base:65   -   frame_serial: <sqlalchemy.orm.properties.MappedColumn object at 0x732d5ba16b90>
2024-08-06 23:13:07,816 bike_db:Annotation_Base:32   -   seting type annotation_map:
2024-08-06 23:13:07,816 bike_db:Base:49   -   creating default columns
2024-08-06 23:13:07,816 bike_db:Base:65   -   __module__: bike
2024-08-06 23:13:07,816 bike_db:Base:65   -   __qualname__: Base
2024-08-06 23:13:07,816 bike_db:Base:65   -   __annotations__: {'frame_serial': sqlalchemy.orm.base.Mapped[typing.Annotated[str, 20]], 'production_year': sqlalchemy.orm.base.Mapped[typing.Annotated[int, 4]], 'manufacturer': sqlalchemy.orm.base.Mapped[typing.Annotated[str, 20]], 'model_name': sqlalchemy.orm.base.Mapped[typing.Annotated[str, 20]], 'stamped_codes': sqlalchemy.orm.base.Mapped[list[str]], 'material': sqlalchemy.orm.base.Mapped[typing.Annotated[str, 20]], 'style': sqlalchemy.orm.base.Mapped[typing.Annotated[str, 20]], 'weight_g': sqlalchemy.orm.base.Mapped[typing.Annotated[float, 2]], 'value_low_usd': sqlalchemy.orm.base.Mapped[typing.Annotated[float, 2]], 'value_avg_usd': sqlalchemy.orm.base.Mapped[typing.Annotated[float, 2]], 'value_high_usd': sqlalchemy.orm.base.Mapped[typing.Annotated[float, 2]]}
2024-08-06 23:13:07,816 bike_db:Base:65   -   __init__: <function Base.__init__ at 0x7a39caddc180>
2024-08-06 23:13:07,816 bike_db:Base:65   -   __tablename__: 
2024-08-06 23:13:07,816 bike_db:Base:65   -   frame_serial: <sqlalchemy.orm.properties.MappedColumn object at 0x7a39cad1ab90>
2024-08-06 23:13:07,816 bike_db:Base:65   -   production_year: <sqlalchemy.orm.properties.MappedColumn object at 0x7a39cad1aef0>
2024-08-06 23:22:09,099 bike_db:Annotation_Base:32   -   seting type annotation_map:
2024-08-06 23:22:09,099 bike_db:Base:49   -   creating default columns
2024-08-06 23:23:44,594 bike_db:Annotation_Base:32   -   seting type annotation_map:
2024-08-06 23:23:44,594 bike_db:Base:49   -   creating default columns
2024-08-06 23:24:21,807 bike_db:Annotation_Base:32   -   seting type annotation_map:
2024-08-06 23:24:21,807 bike_db:Base:49   -   creating default columns
2024-08-06 23:24:55,725 bike_db:Annotation_Base:32   -   seting type annotation_map:
2024-08-06 23:24:55,725 bike_db:Base:49   -   creating default columns
2024-08-06 23:24:55,725 bike_db:Base:65   -   frame_serial: sqlalchemy.orm.base.Mapped[typing.Annotated[str, 20]]
2024-08-06 23:24:55,725 bike_db:Base:65   -   production_year: sqlalchemy.orm.base.Mapped[typing.Annotated[int, 4]]
2024-08-06 23:24:55,725 bike_db:Base:65   -   manufacturer: sqlalchemy.orm.base.Mapped[typing.Annotated[str, 20]]
2024-08-06 23:24:55,725 bike_db:Base:65   -   model_name: sqlalchemy.orm.base.Mapped[typing.Annotated[str, 20]]
2024-08-06 23:24:55,725 bike_db:Base:65   -   stamped_codes: sqlalchemy.orm.base.Mapped[list[str]]
2024-08-06 23:24:55,725 bike_db:Base:65   -   material: sqlalchemy.orm.base.Mapped[typing.Annotated[str, 20]]
2024-08-06 23:24:55,725 bike_db:Base:65   -   style: sqlalchemy.orm.base.Mapped[typing.Annotated[str, 20]]
2024-08-06 23:24:55,725 bike_db:Base:65   -   weight_g: sqlalchemy.orm.base.Mapped[typing.Annotated[float, 2]]
2024-08-06 23:24:55,725 bike_db:Base:65   -   value_low_usd: sqlalchemy.orm.base.Mapped[typing.Annotated[float, 2]]
2024-08-06 23:24:55,725 bike_db:Base:65   -   value_avg_usd: sqlalchemy.orm.base.Mapped[typing.Annotated[float, 2]]
2024-08-06 23:24:55,725 bike_db:Base:65   -   value_high_usd: sqlalchemy.orm.base.Mapped[typing.Annotated[float, 2]]
2024-08-07 08:35:04,098 bike_db:Annotation_Base:32   -   seting type annotation_map:
2024-08-07 08:35:04,099 bike_db:Base:49   -   creating default columns
2024-08-07 08:39:03,025 bike_db:Annotation_Base:32   -   seting type annotation_map:
2024-08-07 08:39:03,025 bike_db:Base:49   -   creating default columns
2024-08-07 08:41:59,564 bike_db:Annotation_Base:32   -   seting type annotation_map:
2024-08-07 08:41:59,564 bike_db:Base:49   -   creating default columns
2024-08-07 08:42:03,802 bike_db:_set_repr:66   -   {'__module__': 'bike', '__qualname__': 'Base', '__annotations__': {'frame_serial': sqlalchemy.orm.base.Mapped[typing.Annotated[str, 20]], 'production_year': sqlalchemy.orm.base.Mapped[typing.Annotated[int, 4]], 'manufacturer': sqlalchemy.orm.base.Mapped[typing.Annotated[str, 20]], 'model_name': sqlalchemy.orm.base.Mapped[typing.Annotated[str, 20]], 'stamped_codes': sqlalchemy.orm.base.Mapped[list[str]], 'material': sqlalchemy.orm.base.Mapped[typing.Annotated[str, 20]], 'style': sqlalchemy.orm.base.Mapped[typing.Annotated[str, 20]], 'weight_g': sqlalchemy.orm.base.Mapped[typing.Annotated[float, 2]], 'value_low_usd': sqlalchemy.orm.base.Mapped[typing.Annotated[float, 2]], 'value_avg_usd': sqlalchemy.orm.base.Mapped[typing.Annotated[float, 2]], 'value_high_usd': sqlalchemy.orm.base.Mapped[typing.Annotated[float, 2]]}, '__init__': <function Base.__init__ at 0x7b9426ab0180>, '__tablename__': '', 'frame_serial': <sqlalchemy.orm.properties.MappedColumn object at 0x7b94269eeb90>, '_locals': {...}, '_set_repr': <function Base._set_repr at 0x7b9426ab0220>, '__repr__': <function Base.__repr__ at 0x7b9426ab02c0>, '__classcell__': <cell at 0x7b9426a676d0: DeclarativeAttributeIntercept object at 0x315d7aa0>}
2024-08-07 08:42:27,313 bike_db:_set_repr:66   -   {'__module__': 'bike', '__qualname__': 'Base', '__annotations__': {'frame_serial': sqlalchemy.orm.base.Mapped[typing.Annotated[str, 20]], 'production_year': sqlalchemy.orm.base.Mapped[typing.Annotated[int, 4]], 'manufacturer': sqlalchemy.orm.base.Mapped[typing.Annotated[str, 20]], 'model_name': sqlalchemy.orm.base.Mapped[typing.Annotated[str, 20]], 'stamped_codes': sqlalchemy.orm.base.Mapped[list[str]], 'material': sqlalchemy.orm.base.Mapped[typing.Annotated[str, 20]], 'style': sqlalchemy.orm.base.Mapped[typing.Annotated[str, 20]], 'weight_g': sqlalchemy.orm.base.Mapped[typing.Annotated[float, 2]], 'value_low_usd': sqlalchemy.orm.base.Mapped[typing.Annotated[float, 2]], 'value_avg_usd': sqlalchemy.orm.base.Mapped[typing.Annotated[float, 2]], 'value_high_usd': sqlalchemy.orm.base.Mapped[typing.Annotated[float, 2]]}, '__init__': <function Base.__init__ at 0x7b9426ab0180>, '__tablename__': '', 'frame_serial': <sqlalchemy.orm.properties.MappedColumn object at 0x7b94269eeb90>, '_locals': {...}, '_set_repr': <function Base._set_repr at 0x7b9426ab0220>, '__repr__': <function Base.__repr__ at 0x7b9426ab02c0>, '__classcell__': <cell at 0x7b9426a676d0: DeclarativeAttributeIntercept object at 0x315d7aa0>}
2024-08-07 08:42:37,673 bike_db:Annotation_Base:32   -   seting type annotation_map:
2024-08-07 08:42:37,673 bike_db:Base:49   -   creating default columns
2024-08-07 08:42:41,332 bike_db:_set_repr:66   -   {'frame_serial': sqlalchemy.orm.base.Mapped[typing.Annotated[str, 20]], 'production_year': sqlalchemy.orm.base.Mapped[typing.Annotated[int, 4]], 'manufacturer': sqlalchemy.orm.base.Mapped[typing.Annotated[str, 20]], 'model_name': sqlalchemy.orm.base.Mapped[typing.Annotated[str, 20]], 'stamped_codes': sqlalchemy.orm.base.Mapped[list[str]], 'material': sqlalchemy.orm.base.Mapped[typing.Annotated[str, 20]], 'style': sqlalchemy.orm.base.Mapped[typing.Annotated[str, 20]], 'weight_g': sqlalchemy.orm.base.Mapped[typing.Annotated[float, 2]], 'value_low_usd': sqlalchemy.orm.base.Mapped[typing.Annotated[float, 2]], 'value_avg_usd': sqlalchemy.orm.base.Mapped[typing.Annotated[float, 2]], 'value_high_usd': sqlalchemy.orm.base.Mapped[typing.Annotated[float, 2]]}
2024-08-07 08:43:26,524 bike_db:_set_repr:66   -   {'frame_serial': sqlalchemy.orm.base.Mapped[typing.Annotated[str, 20]], 'production_year': sqlalchemy.orm.base.Mapped[typing.Annotated[int, 4]], 'manufacturer': sqlalchemy.orm.base.Mapped[typing.Annotated[str, 20]], 'model_name': sqlalchemy.orm.base.Mapped[typing.Annotated[str, 20]], 'stamped_codes': sqlalchemy.orm.base.Mapped[list[str]], 'material': sqlalchemy.orm.base.Mapped[typing.Annotated[str, 20]], 'style': sqlalchemy.orm.base.Mapped[typing.Annotated[str, 20]], 'weight_g': sqlalchemy.orm.base.Mapped[typing.Annotated[float, 2]], 'value_low_usd': sqlalchemy.orm.base.Mapped[typing.Annotated[float, 2]], 'value_avg_usd': sqlalchemy.orm.base.Mapped[typing.Annotated[float, 2]], 'value_high_usd': sqlalchemy.orm.base.Mapped[typing.Annotated[float, 2]]}
2024-08-07 08:43:34,710 bike_db:Annotation_Base:32   -   seting type annotation_map:
2024-08-07 08:43:34,710 bike_db:Base:49   -   creating default columns
2024-08-07 08:44:43,197 bike_db:Annotation_Base:32   -   seting type annotation_map:
2024-08-07 08:44:43,197 bike_db:Base:49   -   creating default columns
2024-08-07 08:45:13,662 bike_db:Annotation_Base:32   -   seting type annotation_map:
2024-08-07 08:45:13,662 bike_db:Base:49   -   creating default columns
2024-08-07 08:45:41,230 bike_db:Annotation_Base:32   -   seting type annotation_map:
2024-08-07 08:45:41,230 bike_db:Base:49   -   creating default columns
2024-08-07 08:46:41,857 bike_db:Annotation_Base:32   -   seting type annotation_map:
2024-08-07 08:46:41,857 bike_db:Base:49   -   creating default columns
2024-08-07 12:16:51,345 bike_db:Annotation_Base:32   -   seting type annotation_map:
2024-08-07 12:16:51,350 bike_db:Base:49   -   creating default columns
2024-08-07 12:22:48,710 bike_db:Annotation_Base:32   -   seting type annotation_map:
2024-08-07 12:22:48,710 bike_db:Base:49   -   creating default columns
2024-08-07 12:23:00,089 bike_db:Annotation_Base:32   -   seting type annotation_map:
2024-08-07 12:23:00,090 bike_db:Base:49   -   creating default columns
2024-08-07 19:34:04,474 bike_db:Annotation_Base:34   -   seting type annotation_map:
2024-08-07 19:34:04,475 bike_db:Base:52   -   creating default columns
2024-08-08 18:10:01,220 bike_db:Annotation_Base:34   -   seting type annotation_map:
2024-08-08 18:10:01,220 bike_db:Base:52   -   creating default columns
2024-08-08 18:10:05,523 bike_db:Annotation_Base:34   -   seting type annotation_map:
2024-08-08 18:10:05,524 bike_db:Base:52   -   creating default columns
2024-08-08 18:10:14,243 bike_db:Annotation_Base:34   -   seting type annotation_map:
2024-08-08 18:10:14,244 bike_db:Base:52   -   creating default columns
2024-08-08 21:52:37,704 bike_db:Annotation_Base:34   -   seting type annotation_map:
2024-08-08 21:52:37,704 bike_db:Base:52   -   creating default columns
2024-08-09 00:31:30,608 bike_db:Annotation_Base:34   -   seting type annotation_map:
2024-08-09 00:31:30,608 bike_db:Base:52   -   creating default columns
2024-08-09 00:32:26,571 bike_db:Annotation_Base:34   -   seting type annotation_map:
2024-08-09 00:32:26,572 bike_db:Base:52   -   creating default columns
2024-08-09 00:32:46,635 bike_db:Annotation_Base:34   -   seting type annotation_map:
2024-08-09 00:32:46,636 bike_db:Base:52   -   creating default columns
